<?xml version="1.0" encoding="UTF-8"?>
<testsuite xmlns:xsi="http://www.w3.org/2001/XMLSchema-instance" xsi:noNamespaceSchemaLocation="https://maven.apache.org/surefire/maven-surefire-plugin/xsd/surefire-test-report-3.0.xsd" version="3.0" name="com.example.InodeTest" time="0.077" tests="11" errors="0" skipped="0" failures="0">
  <properties>
[...]
</properties>
  <testcase name="testFindIndexBlock" classname="com.example.InodeTest" time="0.004"/>
  <testcase name="testPrintDefault" classname="com.example.InodeTest" time="0.016">
    <system-err><![CDATA[Inode Debug Information:
  Length: 0
  Count: 0
  Flag: 1
  Direct Pointers:
    direct[0]: -1
    direct[1]: -1
    direct[2]: -1
    direct[3]: -1
    direct[4]: -1
    direct[5]: -1
    direct[6]: -1
    direct[7]: -1
    direct[8]: -1
    direct[9]: -1
    direct[10]: -1
  Indirect Pointer: -1
End Inode Debug Information.
]]></system-err>
  </testcase>
  <testcase name="testInodeConstructor_FromDisk" classname="com.example.InodeTest" time="0.004"/>
  <testcase name="testFindTargetBlock" classname="com.example.InodeTest" time="0.003"/>
  <testcase name="testUnregisterIndexBlock_IndirectBlockAssigned" classname="com.example.InodeTest" time="0.005"/>
  <testcase name="testInodeConstants" classname="com.example.InodeTest" time="0.005"/>
  <testcase name="testUnregisterIndexBlock_IndirectBlockAssigned_All_NegOne" classname="com.example.InodeTest" time="0.003"/>
  <testcase name="testPrintWithData" classname="com.example.InodeTest" time="0.007">
    <system-err><![CDATA[Inode Debug Information:
  Length: 919
  Count: 18
  Flag: 2
  Direct Pointers:
    direct[0]: 92
    direct[1]: 361
    direct[2]: 645
    direct[3]: 402
    direct[4]: 470
    direct[5]: 680
    direct[6]: 692
    direct[7]: 379
    direct[8]: 427
    direct[9]: 639
    direct[10]: 209
  Indirect Pointer: 601
End Inode Debug Information.
]]></system-err>
  </testcase>
  <testcase name="testUnregisterIndexBlock_NoIndirectBlockAssigned" classname="com.example.InodeTest" time="0.003"/>
  <testcase name="testInodeConstructor_NewInode" classname="com.example.InodeTest" time="0.002"/>
  <testcase name="testToDisk" classname="com.example.InodeTest" time="0.002"/>
</testsuite>